[2025-05-02T16:05:24.269+0000] {local_task_job_runner.py:120} INFO - ::group::Pre task execution logs
[2025-05-02T16:05:24.296+0000] {taskinstance.py:2076} INFO - Dependencies all met for dep_context=non-requeueable deps ti=<TaskInstance: weather_data_pipeline.collect_data manual__2025-05-02T16:04:12.861643+00:00 [queued]>
[2025-05-02T16:05:24.304+0000] {taskinstance.py:2076} INFO - Dependencies all met for dep_context=requeueable deps ti=<TaskInstance: weather_data_pipeline.collect_data manual__2025-05-02T16:04:12.861643+00:00 [queued]>
[2025-05-02T16:05:24.305+0000] {taskinstance.py:2306} INFO - Starting attempt 2 of 2
[2025-05-02T16:05:24.324+0000] {taskinstance.py:2330} INFO - Executing <Task(BashOperator): collect_data> on 2025-05-02 16:04:12.861643+00:00
[2025-05-02T16:05:24.352+0000] {warnings.py:110} WARNING - /home/***/.local/lib/python3.12/site-packages/***/task/task_runner/standard_task_runner.py:61: DeprecationWarning: This process (pid=86) is multi-threaded, use of fork() may lead to deadlocks in the child.
  pid = os.fork()

[2025-05-02T16:05:24.357+0000] {standard_task_runner.py:63} INFO - Started process 88 to run task
[2025-05-02T16:05:24.358+0000] {standard_task_runner.py:90} INFO - Running: ['***', 'tasks', 'run', 'weather_data_pipeline', 'collect_data', 'manual__2025-05-02T16:04:12.861643+00:00', '--job-id', '50', '--raw', '--subdir', 'DAGS_FOLDER/weather_pipeline_dag.py', '--cfg-path', '/tmp/tmp30i6hkxg']
[2025-05-02T16:05:24.368+0000] {standard_task_runner.py:91} INFO - Job 50: Subtask collect_data
[2025-05-02T16:05:24.434+0000] {task_command.py:426} INFO - Running <TaskInstance: weather_data_pipeline.collect_data manual__2025-05-02T16:04:12.861643+00:00 [running]> on host 8216558167cd
[2025-05-02T16:05:24.523+0000] {taskinstance.py:2648} INFO - Exporting env vars: AIRFLOW_CTX_DAG_OWNER='***' AIRFLOW_CTX_DAG_ID='weather_data_pipeline' AIRFLOW_CTX_TASK_ID='collect_data' AIRFLOW_CTX_EXECUTION_DATE='2025-05-02T16:04:12.861643+00:00' AIRFLOW_CTX_TRY_NUMBER='2' AIRFLOW_CTX_DAG_RUN_ID='manual__2025-05-02T16:04:12.861643+00:00'
[2025-05-02T16:05:24.525+0000] {taskinstance.py:430} INFO - ::endgroup::
[2025-05-02T16:05:24.537+0000] {subprocess.py:63} INFO - Tmp dir root location: /tmp
[2025-05-02T16:05:24.540+0000] {subprocess.py:75} INFO - Running command: ['/usr/bin/bash', '-c', 'python /opt/***/scripts/collect_data.py']
[2025-05-02T16:05:24.560+0000] {subprocess.py:86} INFO - Output:
[2025-05-02T16:05:28.079+0000] {subprocess.py:93} INFO - API Response:  {'coord': {'lon': 67.0822, 'lat': 24.9056}, 'weather': [{'id': 801, 'main': 'Clouds', 'description': 'few clouds', 'icon': '02n'}], 'base': 'stations', 'main': {'temp': 28.08, 'feels_like': 31.53, 'temp_min': 28.08, 'temp_max': 28.08, 'pressure': 1006, 'humidity': 75, 'sea_level': 1006, 'grnd_level': 1003}, 'visibility': 10000, 'wind': {'speed': 7.34, 'deg': 262, 'gust': 9.97}, 'clouds': {'all': 19}, 'dt': 1746201548, 'sys': {'country': 'PK', 'sunrise': 1746147324, 'sunset': 1746194506}, 'timezone': 18000, 'id': 1174872, 'name': 'Karachi', 'cod': 200}
[2025-05-02T16:05:28.101+0000] {subprocess.py:93} INFO - Weather data saved successfully.
[2025-05-02T16:05:28.254+0000] {subprocess.py:97} INFO - Command exited with return code 0
[2025-05-02T16:05:28.279+0000] {taskinstance.py:441} INFO - ::group::Post task execution logs
[2025-05-02T16:05:32.434+0000] {taskinstance.py:1206} INFO - Marking task as SUCCESS. dag_id=weather_data_pipeline, task_id=collect_data, run_id=manual__2025-05-02T16:04:12.861643+00:00, execution_date=20250502T160412, start_date=20250502T160524, end_date=20250502T160532
[2025-05-02T16:05:32.613+0000] {local_task_job_runner.py:240} INFO - Task exited with return code 0
[2025-05-02T16:05:32.674+0000] {taskinstance.py:3498} INFO - 1 downstream tasks scheduled from follow-on schedule check
[2025-05-02T16:05:32.676+0000] {local_task_job_runner.py:222} INFO - ::endgroup::
