[2025-05-02T17:06:01.528+0000] {local_task_job_runner.py:120} INFO - ::group::Pre task execution logs
[2025-05-02T17:06:01.563+0000] {taskinstance.py:2073} INFO - Dependencies all met for dep_context=non-requeueable deps ti=<TaskInstance: weather_data_pipeline.collect_data manual__2025-05-02T17:05:57.011965+00:00 [queued]>
[2025-05-02T17:06:01.575+0000] {taskinstance.py:2073} INFO - Dependencies all met for dep_context=requeueable deps ti=<TaskInstance: weather_data_pipeline.collect_data manual__2025-05-02T17:05:57.011965+00:00 [queued]>
[2025-05-02T17:06:01.576+0000] {taskinstance.py:2303} INFO - Starting attempt 1 of 1
[2025-05-02T17:06:01.596+0000] {taskinstance.py:2327} INFO - Executing <Task(BashOperator): collect_data> on 2025-05-02 17:05:57.011965+00:00
[2025-05-02T17:06:01.616+0000] {warnings.py:110} WARNING - /home/***/.local/lib/python3.12/site-packages/***/task/task_runner/standard_task_runner.py:61: DeprecationWarning: This process (pid=267) is multi-threaded, use of fork() may lead to deadlocks in the child.
  pid = os.fork()

[2025-05-02T17:06:01.617+0000] {standard_task_runner.py:90} INFO - Running: ['***', 'tasks', 'run', 'weather_data_pipeline', 'collect_data', 'manual__2025-05-02T17:05:57.011965+00:00', '--job-id', '62', '--raw', '--subdir', 'DAGS_FOLDER/weather_pipeline_dag.py', '--cfg-path', '/tmp/tmp44_8imb7']
[2025-05-02T17:06:01.619+0000] {standard_task_runner.py:63} INFO - Started process 269 to run task
[2025-05-02T17:06:01.620+0000] {standard_task_runner.py:91} INFO - Job 62: Subtask collect_data
[2025-05-02T17:06:01.705+0000] {task_command.py:426} INFO - Running <TaskInstance: weather_data_pipeline.collect_data manual__2025-05-02T17:05:57.011965+00:00 [running]> on host 0b0b6d30f653
[2025-05-02T17:06:01.873+0000] {taskinstance.py:2644} INFO - Exporting env vars: AIRFLOW_CTX_DAG_OWNER='***' AIRFLOW_CTX_DAG_ID='weather_data_pipeline' AIRFLOW_CTX_TASK_ID='collect_data' AIRFLOW_CTX_EXECUTION_DATE='2025-05-02T17:05:57.011965+00:00' AIRFLOW_CTX_TRY_NUMBER='1' AIRFLOW_CTX_DAG_RUN_ID='manual__2025-05-02T17:05:57.011965+00:00'
[2025-05-02T17:06:01.878+0000] {taskinstance.py:430} INFO - ::endgroup::
[2025-05-02T17:06:01.899+0000] {subprocess.py:63} INFO - Tmp dir root location: /tmp
[2025-05-02T17:06:01.908+0000] {subprocess.py:75} INFO - Running command: ['/usr/bin/bash', '-c', 'python /opt/***/scripts/collect_data.py']
[2025-05-02T17:06:01.947+0000] {subprocess.py:86} INFO - Output:
[2025-05-02T17:06:04.150+0000] {subprocess.py:93} INFO - API Response:  {'coord': {'lon': 67.0822, 'lat': 24.9056}, 'weather': [{'id': 802, 'main': 'Clouds', 'description': 'scattered clouds', 'icon': '03n'}], 'base': 'stations', 'main': {'temp': 28.11, 'feels_like': 31.75, 'temp_min': 28.11, 'temp_max': 28.11, 'pressure': 1005, 'humidity': 76, 'sea_level': 1005, 'grnd_level': 1002}, 'visibility': 10000, 'wind': {'speed': 6.24, 'deg': 237, 'gust': 6.47}, 'clouds': {'all': 36}, 'dt': 1746205312, 'sys': {'country': 'PK', 'sunrise': 1746147324, 'sunset': 1746194506}, 'timezone': 18000, 'id': 1174872, 'name': 'Karachi', 'cod': 200}
[2025-05-02T17:06:04.157+0000] {subprocess.py:93} INFO - Weather data saved successfully.
[2025-05-02T17:06:04.201+0000] {subprocess.py:97} INFO - Command exited with return code 0
[2025-05-02T17:06:04.204+0000] {taskinstance.py:441} INFO - ::group::Post task execution logs
[2025-05-02T17:06:04.511+0000] {taskinstance.py:1205} INFO - Marking task as SUCCESS. dag_id=weather_data_pipeline, task_id=collect_data, execution_date=20250502T170557, start_date=20250502T170601, end_date=20250502T170604
[2025-05-02T17:06:04.575+0000] {local_task_job_runner.py:240} INFO - Task exited with return code 0
[2025-05-02T17:06:04.601+0000] {taskinstance.py:3482} INFO - 1 downstream tasks scheduled from follow-on schedule check
[2025-05-02T17:06:04.602+0000] {local_task_job_runner.py:222} INFO - ::endgroup::
